0 info it worked if it ends with ok
1 verbose cli [ '/home/kiran/.nvm/versions/node/v4.6.0/bin/node',
1 verbose cli   '/home/kiran/.nvm/versions/node/v4.6.0/bin/npm',
1 verbose cli   'start' ]
2 info using npm@2.15.9
3 info using node@v4.6.0
4 verbose stack Error: Failed to parse json
4 verbose stack Unexpected token 's' at 8:6
4 verbose stack     "start": "nodemon server.js"
4 verbose stack      ^
4 verbose stack     at parseError (/home/kiran/.nvm/versions/node/v4.6.0/lib/node_modules/npm/node_modules/read-package-json/read-json.js:390:11)
4 verbose stack     at parseJson (/home/kiran/.nvm/versions/node/v4.6.0/lib/node_modules/npm/node_modules/read-package-json/read-json.js:79:23)
4 verbose stack     at /home/kiran/.nvm/versions/node/v4.6.0/lib/node_modules/npm/node_modules/read-package-json/read-json.js:48:5
4 verbose stack     at /home/kiran/.nvm/versions/node/v4.6.0/lib/node_modules/npm/node_modules/graceful-fs/graceful-fs.js:78:16
4 verbose stack     at FSReqWrap.readFileAfterClose [as oncomplete] (fs.js:380:3)
5 verbose cwd /home/kiran/Desktop/Work/Study/Training/Node-Training/cueTraining/Training
6 error Linux 4.4.0-62-generic
7 error argv "/home/kiran/.nvm/versions/node/v4.6.0/bin/node" "/home/kiran/.nvm/versions/node/v4.6.0/bin/npm" "start"
8 error node v4.6.0
9 error npm  v2.15.9
10 error file /home/kiran/Desktop/Work/Study/Training/Node-Training/cueTraining/Training/package.json
11 error code EJSONPARSE
12 error Failed to parse json
12 error Unexpected token 's' at 8:6
12 error     "start": "nodemon server.js"
12 error      ^
13 error File: /home/kiran/Desktop/Work/Study/Training/Node-Training/cueTraining/Training/package.json
14 error Failed to parse package.json data.
14 error package.json must be actual JSON, not just JavaScript.
14 error
14 error This is not a bug in npm.
14 error Tell the package author to fix their package.json file. JSON.parse
15 verbose exit [ 1, true ]
